<?xml version="1.0" encoding="UTF-8"?>
<!-- Generated by org.testng.reporters.JUnitXMLReporter -->
<testsuite hostname="LAPTOP-5V84SBQS" ignored="0" name="Default test" tests="3" failures="0" timestamp="26 Jan 2020 02:59:25 GMT" time="6.148" errors="0">
  <testcase name="test4" time="6.122" classname="listeners.TestNGListenerDemo2"/>
  <testcase name="test5" time="0.001" classname="listeners.TestNGListenerDemo2"/>
  <testcase name="test6" time="0.002" classname="listeners.TestNGListenerDemo2"/>
</testsuite> <!-- Default test -->
