<?xml version="1.0" encoding="UTF-8"?>
<testng-results skipped="0" failed="0" ignored="0" total="3" passed="3">
  <reporter-output>
  </reporter-output>
  <suite name="Default suite" duration-ms="6148" started-at="2020-01-26T02:59:19Z" finished-at="2020-01-26T02:59:25Z">
    <groups>
    </groups>
    <test name="Default test" duration-ms="6148" started-at="2020-01-26T02:59:19Z" finished-at="2020-01-26T02:59:25Z">
      <class name="listeners.TestNGListenerDemo2">
        <test-method status="PASS" signature="test4()[pri:0, instance:listeners.TestNGListenerDemo2@d8355a8]" name="test4" duration-ms="6122" started-at="2020-01-26T08:29:19Z" finished-at="2020-01-26T08:29:25Z">
          <reporter-output>
          </reporter-output>
        </test-method> <!-- test4 -->
        <test-method status="PASS" signature="test5()[pri:0, instance:listeners.TestNGListenerDemo2@d8355a8]" name="test5" duration-ms="1" started-at="2020-01-26T08:29:25Z" finished-at="2020-01-26T08:29:25Z">
          <reporter-output>
          </reporter-output>
        </test-method> <!-- test5 -->
        <test-method status="PASS" signature="test6()[pri:0, instance:listeners.TestNGListenerDemo2@d8355a8]" name="test6" duration-ms="2" started-at="2020-01-26T08:29:25Z" finished-at="2020-01-26T08:29:25Z">
          <reporter-output>
          </reporter-output>
        </test-method> <!-- test6 -->
      </class> <!-- listeners.TestNGListenerDemo2 -->
    </test> <!-- Default test -->
  </suite> <!-- Default suite -->
</testng-results>
